VCD info: dumpfile 0049/test_1.vcd opened for output.
31000ns Data_out = 0
51000ns Data_out = 0
52000ns Applying data_in = 16
71000ns Data_out = 2
72000ns Applying data_in = 32
ERROR: 0049/tb.sv:126: 91000ns Data_out = 8, expected = 7
       Time: 91000  Scope: tb
92000ns Applying data_in = 48
111000ns Data_out = 15
112000ns Applying data_in = 32
ERROR: 0049/tb.sv:126: 131000ns Data_out = 19, expected = 18
       Time: 131000  Scope: tb
132000ns Applying data_in = 0
ERROR: 0049/tb.sv:126: 151000ns Data_out = 12, expected = 11
       Time: 151000  Scope: tb
152000ns Applying data_in = -16
ERROR: 0049/tb.sv:126: 171000ns Data_out = -1, expected = 0
       Time: 171000  Scope: tb
Test failed with 4 errors.
0049/tb.sv:142: $finish called at 190000 (1ps)
